2023-06-08 16:13:45,319 [Worker-1: Loading available Gradle versions] INFO  o.e.b.c.i.u.g.PublishedGradleVersions - Gradle version information cache is up-to-date. Trying to read.
2023-06-08 16:22:05,730 [Worker-16: Import Getting Started Content] INFO  o.e.m.c.i.l.LifecycleMappingFactory - Using org.eclipse.m2e.jdt.JarLifecycleMapping lifecycle mapping for MavenProject: com.matheus:jwtauthentication:0.0.1-SNAPSHOT @ C:\Users\msouz\Documents\workspace-spring-tool-suite-4-4.18.1.RELEASE\jwtauthentication\pom.xml.
2023-06-08 16:22:06,236 [Worker-16: Import Getting Started Content] INFO  o.e.m.j.i.AbstractJavaProjectConfigurator - Adding source folder /jwtauthentication/src/main/java
2023-06-08 16:22:06,237 [Worker-16: Import Getting Started Content] INFO  o.e.m.j.i.AbstractJavaProjectConfigurator - Adding resource folder /jwtauthentication/src/main/resources
2023-06-08 16:22:06,242 [Worker-16: Import Getting Started Content] INFO  o.e.m.j.i.AbstractJavaProjectConfigurator - Adding resource folder /jwtauthentication/src/main/resources
2023-06-08 16:22:06,245 [Worker-16: Import Getting Started Content] INFO  o.e.m.j.i.AbstractJavaProjectConfigurator - Adding source folder /jwtauthentication/src/test/java
2023-06-08 16:22:06,492 [Worker-16: Import Getting Started Content] INFO  o.e.m.c.i.p.ProjectConfigurationManager - Imported and configured 1 project(s) in 1 sec
2023-06-08 16:22:06,495 [Worker-16: Import Getting Started Content] INFO  o.e.m.c.i.p.ProjectConfigurationManager - Update started
2023-06-08 16:22:06,662 [Worker-16: Import Getting Started Content] INFO  o.e.m.c.i.l.LifecycleMappingFactory - Using org.eclipse.m2e.jdt.JarLifecycleMapping lifecycle mapping for MavenProject: com.matheus:jwtauthentication:0.0.1-SNAPSHOT @ C:\Users\msouz\Documents\workspace-spring-tool-suite-4-4.18.1.RELEASE\jwtauthentication\pom.xml.
2023-06-08 16:22:06,947 [Worker-16: Import Getting Started Content] INFO  o.e.m.j.i.AbstractJavaProjectConfigurator - Adding source folder /jwtauthentication/src/main/java
2023-06-08 16:22:06,947 [Worker-16: Import Getting Started Content] INFO  o.e.m.j.i.AbstractJavaProjectConfigurator - Adding resource folder /jwtauthentication/src/main/resources
2023-06-08 16:22:06,948 [Worker-16: Import Getting Started Content] INFO  o.e.m.j.i.AbstractJavaProjectConfigurator - Adding resource folder /jwtauthentication/src/main/resources
2023-06-08 16:22:06,948 [Worker-16: Import Getting Started Content] INFO  o.e.m.j.i.AbstractJavaProjectConfigurator - Adding source folder /jwtauthentication/src/test/java
2023-06-08 16:22:07,188 [Worker-16: Import Getting Started Content] INFO  o.e.m.c.i.p.ProjectConfigurationManager - Update completed for 1 poms: local refresh takes 0,00 sec, refresh facades takes 0,00 sec, update config takes 0,00 sec 
2023-06-08 16:22:07,609 [Worker-18: Building] INFO  o.a.m.s.f.DefaultMavenResourcesFiltering - Copying 1 resource from src\main\resources to target\classes
2023-06-08 16:22:07,621 [Worker-18: Building] INFO  o.a.m.s.f.DefaultMavenResourcesFiltering - Copying 0 resource from src\main\resources to target\classes
2023-06-08 16:22:07,624 [Worker-18: Building] INFO  o.a.m.s.f.DefaultMavenResourcesFiltering - skip non existing resourceDirectory C:\Users\msouz\Documents\workspace-spring-tool-suite-4-4.18.1.RELEASE\jwtauthentication\src\test\resources
2023-06-08 16:22:39,320 [Worker-5: Launching Executing clean in C__Users_msouz_git_JWT_jwtauthentication] INFO  o.eclipse.m2e.core.internal.Bundles - getClasspathEntries(Bundle=org.eclipse.m2e.maven.runtime_3.8.701.20230209-1606 [346])
2023-06-08 16:22:39,328 [Worker-5: Launching Executing clean in C__Users_msouz_git_JWT_jwtauthentication] INFO  o.eclipse.m2e.core.internal.Bundles - 	Entry: C:\Users\msouz\OneDrive\햞ea de Trabalho\SpringBoot\sts-4.18.1.RELEASE\plugins\org.eclipse.m2e.maven.runtime_3.8.701.20230209-1606
2023-06-08 16:22:39,328 [Worker-5: Launching Executing clean in C__Users_msouz_git_JWT_jwtauthentication] INFO  o.eclipse.m2e.core.internal.Bundles - 	Entry: C:\Users\msouz\OneDrive\햞ea de Trabalho\SpringBoot\sts-4.18.1.RELEASE\plugins\org.eclipse.m2e.maven.runtime_3.8.701.20230209-1606\jars\aether-connector-okhttp-0.17.8.jar
2023-06-08 16:22:39,328 [Worker-5: Launching Executing clean in C__Users_msouz_git_JWT_jwtauthentication] INFO  o.eclipse.m2e.core.internal.Bundles - 	Entry: C:\Users\msouz\OneDrive\햞ea de Trabalho\SpringBoot\sts-4.18.1.RELEASE\plugins\org.eclipse.m2e.maven.runtime_3.8.701.20230209-1606\jars\commons-lang3-3.8.1.jar
2023-06-08 16:22:39,328 [Worker-5: Launching Executing clean in C__Users_msouz_git_JWT_jwtauthentication] INFO  o.eclipse.m2e.core.internal.Bundles - 	Entry: C:\Users\msouz\OneDrive\햞ea de Trabalho\SpringBoot\sts-4.18.1.RELEASE\plugins\org.eclipse.m2e.maven.runtime_3.8.701.20230209-1606\jars\guice-4.2.2-no_aop.jar
2023-06-08 16:22:39,328 [Worker-5: Launching Executing clean in C__Users_msouz_git_JWT_jwtauthentication] INFO  o.eclipse.m2e.core.internal.Bundles - 	Entry: C:\Users\msouz\OneDrive\햞ea de Trabalho\SpringBoot\sts-4.18.1.RELEASE\plugins\org.eclipse.m2e.maven.runtime_3.8.701.20230209-1606\jars\jansi-2.4.0.jar
2023-06-08 16:22:39,329 [Worker-5: Launching Executing clean in C__Users_msouz_git_JWT_jwtauthentication] INFO  o.eclipse.m2e.core.internal.Bundles - 	Entry: C:\Users\msouz\OneDrive\햞ea de Trabalho\SpringBoot\sts-4.18.1.RELEASE\plugins\org.eclipse.m2e.maven.runtime_3.8.701.20230209-1606\jars\maven-artifact-3.8.7.jar
2023-06-08 16:22:39,329 [Worker-5: Launching Executing clean in C__Users_msouz_git_JWT_jwtauthentication] INFO  o.eclipse.m2e.core.internal.Bundles - 	Entry: C:\Users\msouz\OneDrive\햞ea de Trabalho\SpringBoot\sts-4.18.1.RELEASE\plugins\org.eclipse.m2e.maven.runtime_3.8.701.20230209-1606\jars\maven-builder-support-3.8.7.jar
2023-06-08 16:22:39,329 [Worker-5: Launching Executing clean in C__Users_msouz_git_JWT_jwtauthentication] INFO  o.eclipse.m2e.core.internal.Bundles - 	Entry: C:\Users\msouz\OneDrive\햞ea de Trabalho\SpringBoot\sts-4.18.1.RELEASE\plugins\org.eclipse.m2e.maven.runtime_3.8.701.20230209-1606\jars\maven-compat-3.8.7.jar
2023-06-08 16:22:39,329 [Worker-5: Launching Executing clean in C__Users_msouz_git_JWT_jwtauthentication] INFO  o.eclipse.m2e.core.internal.Bundles - 	Entry: C:\Users\msouz\OneDrive\햞ea de Trabalho\SpringBoot\sts-4.18.1.RELEASE\plugins\org.eclipse.m2e.maven.runtime_3.8.701.20230209-1606\jars\maven-core-3.8.7.jar
2023-06-08 16:22:39,329 [Worker-5: Launching Executing clean in C__Users_msouz_git_JWT_jwtauthentication] INFO  o.eclipse.m2e.core.internal.Bundles - 	Entry: C:\Users\msouz\OneDrive\햞ea de Trabalho\SpringBoot\sts-4.18.1.RELEASE\plugins\org.eclipse.m2e.maven.runtime_3.8.701.20230209-1606\jars\maven-embedder-3.8.7.jar
2023-06-08 16:22:39,329 [Worker-5: Launching Executing clean in C__Users_msouz_git_JWT_jwtauthentication] INFO  o.eclipse.m2e.core.internal.Bundles - 	Entry: C:\Users\msouz\OneDrive\햞ea de Trabalho\SpringBoot\sts-4.18.1.RELEASE\plugins\org.eclipse.m2e.maven.runtime_3.8.701.20230209-1606\jars\maven-model-3.8.7.jar
2023-06-08 16:22:39,330 [Worker-5: Launching Executing clean in C__Users_msouz_git_JWT_jwtauthentication] INFO  o.eclipse.m2e.core.internal.Bundles - 	Entry: C:\Users\msouz\OneDrive\햞ea de Trabalho\SpringBoot\sts-4.18.1.RELEASE\plugins\org.eclipse.m2e.maven.runtime_3.8.701.20230209-1606\jars\maven-model-builder-3.8.7.jar
2023-06-08 16:22:39,330 [Worker-5: Launching Executing clean in C__Users_msouz_git_JWT_jwtauthentication] INFO  o.eclipse.m2e.core.internal.Bundles - 	Entry: C:\Users\msouz\OneDrive\햞ea de Trabalho\SpringBoot\sts-4.18.1.RELEASE\plugins\org.eclipse.m2e.maven.runtime_3.8.701.20230209-1606\jars\maven-plugin-api-3.8.7.jar
2023-06-08 16:22:39,330 [Worker-5: Launching Executing clean in C__Users_msouz_git_JWT_jwtauthentication] INFO  o.eclipse.m2e.core.internal.Bundles - 	Entry: C:\Users\msouz\OneDrive\햞ea de Trabalho\SpringBoot\sts-4.18.1.RELEASE\plugins\org.eclipse.m2e.maven.runtime_3.8.701.20230209-1606\jars\maven-repository-metadata-3.8.7.jar
2023-06-08 16:22:39,330 [Worker-5: Launching Executing clean in C__Users_msouz_git_JWT_jwtauthentication] INFO  o.eclipse.m2e.core.internal.Bundles - 	Entry: C:\Users\msouz\OneDrive\햞ea de Trabalho\SpringBoot\sts-4.18.1.RELEASE\plugins\org.eclipse.m2e.maven.runtime_3.8.701.20230209-1606\jars\maven-resolver-api-1.6.3.jar
2023-06-08 16:22:39,330 [Worker-5: Launching Executing clean in C__Users_msouz_git_JWT_jwtauthentication] INFO  o.eclipse.m2e.core.internal.Bundles - 	Entry: C:\Users\msouz\OneDrive\햞ea de Trabalho\SpringBoot\sts-4.18.1.RELEASE\plugins\org.eclipse.m2e.maven.runtime_3.8.701.20230209-1606\jars\maven-resolver-connector-basic-1.6.3.jar
2023-06-08 16:22:39,330 [Worker-5: Launching Executing clean in C__Users_msouz_git_JWT_jwtauthentication] INFO  o.eclipse.m2e.core.internal.Bundles - 	Entry: C:\Users\msouz\OneDrive\햞ea de Trabalho\SpringBoot\sts-4.18.1.RELEASE\plugins\org.eclipse.m2e.maven.runtime_3.8.701.20230209-1606\jars\maven-resolver-impl-1.6.3.jar
2023-06-08 16:22:39,330 [Worker-5: Launching Executing clean in C__Users_msouz_git_JWT_jwtauthentication] INFO  o.eclipse.m2e.core.internal.Bundles - 	Entry: C:\Users\msouz\OneDrive\햞ea de Trabalho\SpringBoot\sts-4.18.1.RELEASE\plugins\org.eclipse.m2e.maven.runtime_3.8.701.20230209-1606\jars\maven-resolver-provider-3.8.7.jar
2023-06-08 16:22:39,330 [Worker-5: Launching Executing clean in C__Users_msouz_git_JWT_jwtauthentication] INFO  o.eclipse.m2e.core.internal.Bundles - 	Entry: C:\Users\msouz\OneDrive\햞ea de Trabalho\SpringBoot\sts-4.18.1.RELEASE\plugins\org.eclipse.m2e.maven.runtime_3.8.701.20230209-1606\jars\maven-resolver-spi-1.6.3.jar
2023-06-08 16:22:39,330 [Worker-5: Launching Executing clean in C__Users_msouz_git_JWT_jwtauthentication] INFO  o.eclipse.m2e.core.internal.Bundles - 	Entry: C:\Users\msouz\OneDrive\햞ea de Trabalho\SpringBoot\sts-4.18.1.RELEASE\plugins\org.eclipse.m2e.maven.runtime_3.8.701.20230209-1606\jars\maven-resolver-transport-wagon-1.6.3.jar
2023-06-08 16:22:39,330 [Worker-5: Launching Executing clean in C__Users_msouz_git_JWT_jwtauthentication] INFO  o.eclipse.m2e.core.internal.Bundles - 	Entry: C:\Users\msouz\OneDrive\햞ea de Trabalho\SpringBoot\sts-4.18.1.RELEASE\plugins\org.eclipse.m2e.maven.runtime_3.8.701.20230209-1606\jars\maven-resolver-util-1.6.3.jar
2023-06-08 16:22:39,332 [Worker-5: Launching Executing clean in C__Users_msouz_git_JWT_jwtauthentication] INFO  o.eclipse.m2e.core.internal.Bundles - 	Entry: C:\Users\msouz\OneDrive\햞ea de Trabalho\SpringBoot\sts-4.18.1.RELEASE\plugins\org.eclipse.m2e.maven.runtime_3.8.701.20230209-1606\jars\maven-settings-3.8.7.jar
2023-06-08 16:22:39,332 [Worker-5: Launching Executing clean in C__Users_msouz_git_JWT_jwtauthentication] INFO  o.eclipse.m2e.core.internal.Bundles - 	Entry: C:\Users\msouz\OneDrive\햞ea de Trabalho\SpringBoot\sts-4.18.1.RELEASE\plugins\org.eclipse.m2e.maven.runtime_3.8.701.20230209-1606\jars\maven-settings-builder-3.8.7.jar
2023-06-08 16:22:39,332 [Worker-5: Launching Executing clean in C__Users_msouz_git_JWT_jwtauthentication] INFO  o.eclipse.m2e.core.internal.Bundles - 	Entry: C:\Users\msouz\OneDrive\햞ea de Trabalho\SpringBoot\sts-4.18.1.RELEASE\plugins\org.eclipse.m2e.maven.runtime_3.8.701.20230209-1606\jars\maven-shared-utils-3.3.4.jar
2023-06-08 16:22:39,332 [Worker-5: Launching Executing clean in C__Users_msouz_git_JWT_jwtauthentication] INFO  o.eclipse.m2e.core.internal.Bundles - 	Entry: C:\Users\msouz\OneDrive\햞ea de Trabalho\SpringBoot\sts-4.18.1.RELEASE\plugins\org.eclipse.m2e.maven.runtime_3.8.701.20230209-1606\jars\okhttp-3.14.1.jar
2023-06-08 16:22:39,332 [Worker-5: Launching Executing clean in C__Users_msouz_git_JWT_jwtauthentication] INFO  o.eclipse.m2e.core.internal.Bundles - 	Entry: C:\Users\msouz\OneDrive\햞ea de Trabalho\SpringBoot\sts-4.18.1.RELEASE\plugins\org.eclipse.m2e.maven.runtime_3.8.701.20230209-1606\jars\okio-1.17.3.jar
2023-06-08 16:22:39,332 [Worker-5: Launching Executing clean in C__Users_msouz_git_JWT_jwtauthentication] INFO  o.eclipse.m2e.core.internal.Bundles - 	Entry: C:\Users\msouz\OneDrive\햞ea de Trabalho\SpringBoot\sts-4.18.1.RELEASE\plugins\org.eclipse.m2e.maven.runtime_3.8.701.20230209-1606\jars\org.eclipse.sisu.inject-0.3.5.jar
2023-06-08 16:22:39,332 [Worker-5: Launching Executing clean in C__Users_msouz_git_JWT_jwtauthentication] INFO  o.eclipse.m2e.core.internal.Bundles - 	Entry: C:\Users\msouz\OneDrive\햞ea de Trabalho\SpringBoot\sts-4.18.1.RELEASE\plugins\org.eclipse.m2e.maven.runtime_3.8.701.20230209-1606\jars\org.eclipse.sisu.plexus-0.3.5.jar
2023-06-08 16:22:39,332 [Worker-5: Launching Executing clean in C__Users_msouz_git_JWT_jwtauthentication] INFO  o.eclipse.m2e.core.internal.Bundles - 	Entry: C:\Users\msouz\OneDrive\햞ea de Trabalho\SpringBoot\sts-4.18.1.RELEASE\plugins\org.eclipse.m2e.maven.runtime_3.8.701.20230209-1606\jars\plexus-build-api-0.0.7.jar
2023-06-08 16:22:39,333 [Worker-5: Launching Executing clean in C__Users_msouz_git_JWT_jwtauthentication] INFO  o.eclipse.m2e.core.internal.Bundles - 	Entry: C:\Users\msouz\OneDrive\햞ea de Trabalho\SpringBoot\sts-4.18.1.RELEASE\plugins\org.eclipse.m2e.maven.runtime_3.8.701.20230209-1606\jars\plexus-cipher-2.0.jar
2023-06-08 16:22:39,333 [Worker-5: Launching Executing clean in C__Users_msouz_git_JWT_jwtauthentication] INFO  o.eclipse.m2e.core.internal.Bundles - 	Entry: C:\Users\msouz\OneDrive\햞ea de Trabalho\SpringBoot\sts-4.18.1.RELEASE\plugins\org.eclipse.m2e.maven.runtime_3.8.701.20230209-1606\jars\plexus-classworlds-2.6.0.jar
2023-06-08 16:22:39,333 [Worker-5: Launching Executing clean in C__Users_msouz_git_JWT_jwtauthentication] INFO  o.eclipse.m2e.core.internal.Bundles - 	Entry: C:\Users\msouz\OneDrive\햞ea de Trabalho\SpringBoot\sts-4.18.1.RELEASE\plugins\org.eclipse.m2e.maven.runtime_3.8.701.20230209-1606\jars\plexus-component-annotations-2.1.0.jar
2023-06-08 16:22:39,333 [Worker-5: Launching Executing clean in C__Users_msouz_git_JWT_jwtauthentication] INFO  o.eclipse.m2e.core.internal.Bundles - 	Entry: C:\Users\msouz\OneDrive\햞ea de Trabalho\SpringBoot\sts-4.18.1.RELEASE\plugins\org.eclipse.m2e.maven.runtime_3.8.701.20230209-1606\jars\plexus-interpolation-1.26.jar
2023-06-08 16:22:39,333 [Worker-5: Launching Executing clean in C__Users_msouz_git_JWT_jwtauthentication] INFO  o.eclipse.m2e.core.internal.Bundles - 	Entry: C:\Users\msouz\OneDrive\햞ea de Trabalho\SpringBoot\sts-4.18.1.RELEASE\plugins\org.eclipse.m2e.maven.runtime_3.8.701.20230209-1606\jars\plexus-sec-dispatcher-2.0.jar
2023-06-08 16:22:39,333 [Worker-5: Launching Executing clean in C__Users_msouz_git_JWT_jwtauthentication] INFO  o.eclipse.m2e.core.internal.Bundles - 	Entry: C:\Users\msouz\OneDrive\햞ea de Trabalho\SpringBoot\sts-4.18.1.RELEASE\plugins\org.eclipse.m2e.maven.runtime_3.8.701.20230209-1606\jars\plexus-utils-3.3.1.jar
2023-06-08 16:22:39,333 [Worker-5: Launching Executing clean in C__Users_msouz_git_JWT_jwtauthentication] INFO  o.eclipse.m2e.core.internal.Bundles - 	Entry: C:\Users\msouz\OneDrive\햞ea de Trabalho\SpringBoot\sts-4.18.1.RELEASE\plugins\org.eclipse.m2e.maven.runtime_3.8.701.20230209-1606\jars\wagon-file-3.5.3.jar
2023-06-08 16:22:39,333 [Worker-5: Launching Executing clean in C__Users_msouz_git_JWT_jwtauthentication] INFO  o.eclipse.m2e.core.internal.Bundles - 	Entry: C:\Users\msouz\OneDrive\햞ea de Trabalho\SpringBoot\sts-4.18.1.RELEASE\plugins\org.eclipse.m2e.maven.runtime_3.8.701.20230209-1606\jars\wagon-provider-api-3.5.3.jar
2023-06-08 16:22:39,334 [Worker-5: Launching Executing clean in C__Users_msouz_git_JWT_jwtauthentication] INFO  o.eclipse.m2e.core.internal.Bundles - getClasspathEntries(Bundle=com.google.guava_31.1.0.jre [23])
2023-06-08 16:22:39,335 [Worker-5: Launching Executing clean in C__Users_msouz_git_JWT_jwtauthentication] INFO  o.eclipse.m2e.core.internal.Bundles - 	Entry: C:\Users\msouz\OneDrive\햞ea de Trabalho\SpringBoot\sts-4.18.1.RELEASE\plugins\com.google.guava_31.1.0.jre.jar
2023-06-08 16:22:39,335 [Worker-5: Launching Executing clean in C__Users_msouz_git_JWT_jwtauthentication] INFO  o.eclipse.m2e.core.internal.Bundles - getClasspathEntries(Bundle=slf4j.api_1.7.36 [580])
2023-06-08 16:22:39,336 [Worker-5: Launching Executing clean in C__Users_msouz_git_JWT_jwtauthentication] INFO  o.eclipse.m2e.core.internal.Bundles - 	Entry: C:\Users\msouz\OneDrive\햞ea de Trabalho\SpringBoot\sts-4.18.1.RELEASE\plugins\slf4j.api_1.7.36.jar
2023-06-08 16:22:39,336 [Worker-5: Launching Executing clean in C__Users_msouz_git_JWT_jwtauthentication] INFO  o.eclipse.m2e.core.internal.Bundles - getClasspathEntries(Bundle=javax.inject_1.0.0.v20220405-0441 [50])
2023-06-08 16:22:39,337 [Worker-5: Launching Executing clean in C__Users_msouz_git_JWT_jwtauthentication] INFO  o.eclipse.m2e.core.internal.Bundles - 	Entry: C:\Users\msouz\OneDrive\햞ea de Trabalho\SpringBoot\sts-4.18.1.RELEASE\plugins\javax.inject_1.0.0.v20220405-0441.jar
2023-06-08 16:22:39,337 [Worker-5: Launching Executing clean in C__Users_msouz_git_JWT_jwtauthentication] INFO  o.eclipse.m2e.core.internal.Bundles - getClasspathEntries(Bundle=javax.annotation_1.3.5.v20221203-1659 [48])
2023-06-08 16:22:39,337 [Worker-5: Launching Executing clean in C__Users_msouz_git_JWT_jwtauthentication] INFO  o.eclipse.m2e.core.internal.Bundles - 	Entry: C:\Users\msouz\OneDrive\햞ea de Trabalho\SpringBoot\sts-4.18.1.RELEASE\plugins\javax.annotation_1.3.5.v20221203-1659.jar
2023-06-08 16:22:39,337 [Worker-5: Launching Executing clean in C__Users_msouz_git_JWT_jwtauthentication] INFO  o.eclipse.m2e.core.internal.Bundles - getClasspathEntries(Bundle=org.apache.commons.cli_1.4.0.v20221112-0806 [73])
2023-06-08 16:22:39,338 [Worker-5: Launching Executing clean in C__Users_msouz_git_JWT_jwtauthentication] INFO  o.eclipse.m2e.core.internal.Bundles - 	Entry: C:\Users\msouz\OneDrive\햞ea de Trabalho\SpringBoot\sts-4.18.1.RELEASE\plugins\org.apache.commons.cli_1.4.0.v20221112-0806.jar
2023-06-08 16:22:39,338 [Worker-5: Launching Executing clean in C__Users_msouz_git_JWT_jwtauthentication] INFO  o.eclipse.m2e.core.internal.Bundles - getClasspathEntries(Bundle=com.google.guava.failureaccess_1.0.1 [25])
2023-06-08 16:22:39,338 [Worker-5: Launching Executing clean in C__Users_msouz_git_JWT_jwtauthentication] INFO  o.eclipse.m2e.core.internal.Bundles - 	Entry: C:\Users\msouz\OneDrive\햞ea de Trabalho\SpringBoot\sts-4.18.1.RELEASE\plugins\com.google.guava.failureaccess_1.0.1.jar
2023-06-08 16:22:39,341 [Worker-5: Launching Executing clean in C__Users_msouz_git_JWT_jwtauthentication] INFO  o.e.m.i.launch.MavenLaunchDelegate - Run build in "C:\Users\msouz\git\JWT\jwtauthentication":
2023-06-08 16:22:39,341 [Worker-5: Launching Executing clean in C__Users_msouz_git_JWT_jwtauthentication] INFO  o.e.m.i.launch.MavenLaunchDelegate -  mvn  -Ppom.xml -B -Dstyle.color=always clean
2023-06-08 16:22:39,341 [Worker-5: Launching Executing clean in C__Users_msouz_git_JWT_jwtauthentication] WARN  o.e.m.i.l.MavenLaunchExtensionsSupport - Unknown or unsupported source locator org.eclipse.jdt.internal.launching.sourcelookup.advanced.AdvancedSourceLookupDirector
2023-06-08 16:24:17,666 [Worker-3: Building] INFO  o.a.m.s.f.DefaultMavenResourcesFiltering - skip non existing resourceDirectory C:\Users\msouz\Documents\workspace-spring-tool-suite-4-4.18.1.RELEASE\jwtauthentication\src\main\resources
2023-06-08 16:24:17,666 [Worker-3: Building] INFO  o.a.m.s.f.DefaultMavenResourcesFiltering - skip non existing resourceDirectory C:\Users\msouz\Documents\workspace-spring-tool-suite-4-4.18.1.RELEASE\jwtauthentication\src\main\resources
2023-06-08 16:24:17,669 [Worker-3: Building] INFO  o.a.m.s.f.DefaultMavenResourcesFiltering - skip non existing resourceDirectory C:\Users\msouz\Documents\workspace-spring-tool-suite-4-4.18.1.RELEASE\jwtauthentication\src\test\resources
2023-06-08 16:28:51,584 [Worker-13: Launching jwtauthentication - JwtauthenticationApplication] INFO  o.a.m.s.f.DefaultMavenResourcesFiltering - skip non existing resourceDirectory C:\Users\msouz\Documents\workspace-spring-tool-suite-4-4.18.1.RELEASE\jwtauthentication\src\main\resources
2023-06-08 16:28:51,584 [Worker-13: Launching jwtauthentication - JwtauthenticationApplication] INFO  o.a.m.s.f.DefaultMavenResourcesFiltering - skip non existing resourceDirectory C:\Users\msouz\Documents\workspace-spring-tool-suite-4-4.18.1.RELEASE\jwtauthentication\src\main\resources
2023-06-08 16:28:51,587 [Worker-13: Launching jwtauthentication - JwtauthenticationApplication] INFO  o.a.m.s.f.DefaultMavenResourcesFiltering - skip non existing resourceDirectory C:\Users\msouz\Documents\workspace-spring-tool-suite-4-4.18.1.RELEASE\jwtauthentication\src\test\resources
2023-06-08 16:31:35,535 [Worker-6: Loading available Gradle versions] INFO  o.e.b.c.i.u.g.PublishedGradleVersions - Gradle version information cache is up-to-date. Trying to read.
2023-06-08 16:32:45,801 [Worker-4: Launching Executing clean in C__Users_msouz_git_JWT_jwtauthentication] INFO  o.eclipse.m2e.core.internal.Bundles - getClasspathEntries(Bundle=org.eclipse.m2e.maven.runtime_3.8.701.20230209-1606 [346])
2023-06-08 16:32:45,804 [Worker-4: Launching Executing clean in C__Users_msouz_git_JWT_jwtauthentication] INFO  o.eclipse.m2e.core.internal.Bundles - 	Entry: C:\Users\msouz\OneDrive\햞ea de Trabalho\SpringBoot\sts-4.18.1.RELEASE\plugins\org.eclipse.m2e.maven.runtime_3.8.701.20230209-1606
2023-06-08 16:32:45,805 [Worker-4: Launching Executing clean in C__Users_msouz_git_JWT_jwtauthentication] INFO  o.eclipse.m2e.core.internal.Bundles - 	Entry: C:\Users\msouz\OneDrive\햞ea de Trabalho\SpringBoot\sts-4.18.1.RELEASE\plugins\org.eclipse.m2e.maven.runtime_3.8.701.20230209-1606\jars\aether-connector-okhttp-0.17.8.jar
2023-06-08 16:32:45,805 [Worker-4: Launching Executing clean in C__Users_msouz_git_JWT_jwtauthentication] INFO  o.eclipse.m2e.core.internal.Bundles - 	Entry: C:\Users\msouz\OneDrive\햞ea de Trabalho\SpringBoot\sts-4.18.1.RELEASE\plugins\org.eclipse.m2e.maven.runtime_3.8.701.20230209-1606\jars\commons-lang3-3.8.1.jar
2023-06-08 16:32:45,805 [Worker-4: Launching Executing clean in C__Users_msouz_git_JWT_jwtauthentication] INFO  o.eclipse.m2e.core.internal.Bundles - 	Entry: C:\Users\msouz\OneDrive\햞ea de Trabalho\SpringBoot\sts-4.18.1.RELEASE\plugins\org.eclipse.m2e.maven.runtime_3.8.701.20230209-1606\jars\guice-4.2.2-no_aop.jar
2023-06-08 16:32:45,805 [Worker-4: Launching Executing clean in C__Users_msouz_git_JWT_jwtauthentication] INFO  o.eclipse.m2e.core.internal.Bundles - 	Entry: C:\Users\msouz\OneDrive\햞ea de Trabalho\SpringBoot\sts-4.18.1.RELEASE\plugins\org.eclipse.m2e.maven.runtime_3.8.701.20230209-1606\jars\jansi-2.4.0.jar
2023-06-08 16:32:45,805 [Worker-4: Launching Executing clean in C__Users_msouz_git_JWT_jwtauthentication] INFO  o.eclipse.m2e.core.internal.Bundles - 	Entry: C:\Users\msouz\OneDrive\햞ea de Trabalho\SpringBoot\sts-4.18.1.RELEASE\plugins\org.eclipse.m2e.maven.runtime_3.8.701.20230209-1606\jars\maven-artifact-3.8.7.jar
2023-06-08 16:32:45,805 [Worker-4: Launching Executing clean in C__Users_msouz_git_JWT_jwtauthentication] INFO  o.eclipse.m2e.core.internal.Bundles - 	Entry: C:\Users\msouz\OneDrive\햞ea de Trabalho\SpringBoot\sts-4.18.1.RELEASE\plugins\org.eclipse.m2e.maven.runtime_3.8.701.20230209-1606\jars\maven-builder-support-3.8.7.jar
2023-06-08 16:32:45,805 [Worker-4: Launching Executing clean in C__Users_msouz_git_JWT_jwtauthentication] INFO  o.eclipse.m2e.core.internal.Bundles - 	Entry: C:\Users\msouz\OneDrive\햞ea de Trabalho\SpringBoot\sts-4.18.1.RELEASE\plugins\org.eclipse.m2e.maven.runtime_3.8.701.20230209-1606\jars\maven-compat-3.8.7.jar
2023-06-08 16:32:45,805 [Worker-4: Launching Executing clean in C__Users_msouz_git_JWT_jwtauthentication] INFO  o.eclipse.m2e.core.internal.Bundles - 	Entry: C:\Users\msouz\OneDrive\햞ea de Trabalho\SpringBoot\sts-4.18.1.RELEASE\plugins\org.eclipse.m2e.maven.runtime_3.8.701.20230209-1606\jars\maven-core-3.8.7.jar
2023-06-08 16:32:45,805 [Worker-4: Launching Executing clean in C__Users_msouz_git_JWT_jwtauthentication] INFO  o.eclipse.m2e.core.internal.Bundles - 	Entry: C:\Users\msouz\OneDrive\햞ea de Trabalho\SpringBoot\sts-4.18.1.RELEASE\plugins\org.eclipse.m2e.maven.runtime_3.8.701.20230209-1606\jars\maven-embedder-3.8.7.jar
2023-06-08 16:32:45,805 [Worker-4: Launching Executing clean in C__Users_msouz_git_JWT_jwtauthentication] INFO  o.eclipse.m2e.core.internal.Bundles - 	Entry: C:\Users\msouz\OneDrive\햞ea de Trabalho\SpringBoot\sts-4.18.1.RELEASE\plugins\org.eclipse.m2e.maven.runtime_3.8.701.20230209-1606\jars\maven-model-3.8.7.jar
2023-06-08 16:32:45,807 [Worker-4: Launching Executing clean in C__Users_msouz_git_JWT_jwtauthentication] INFO  o.eclipse.m2e.core.internal.Bundles - 	Entry: C:\Users\msouz\OneDrive\햞ea de Trabalho\SpringBoot\sts-4.18.1.RELEASE\plugins\org.eclipse.m2e.maven.runtime_3.8.701.20230209-1606\jars\maven-model-builder-3.8.7.jar
2023-06-08 16:32:45,807 [Worker-4: Launching Executing clean in C__Users_msouz_git_JWT_jwtauthentication] INFO  o.eclipse.m2e.core.internal.Bundles - 	Entry: C:\Users\msouz\OneDrive\햞ea de Trabalho\SpringBoot\sts-4.18.1.RELEASE\plugins\org.eclipse.m2e.maven.runtime_3.8.701.20230209-1606\jars\maven-plugin-api-3.8.7.jar
2023-06-08 16:32:45,807 [Worker-4: Launching Executing clean in C__Users_msouz_git_JWT_jwtauthentication] INFO  o.eclipse.m2e.core.internal.Bundles - 	Entry: C:\Users\msouz\OneDrive\햞ea de Trabalho\SpringBoot\sts-4.18.1.RELEASE\plugins\org.eclipse.m2e.maven.runtime_3.8.701.20230209-1606\jars\maven-repository-metadata-3.8.7.jar
2023-06-08 16:32:45,807 [Worker-4: Launching Executing clean in C__Users_msouz_git_JWT_jwtauthentication] INFO  o.eclipse.m2e.core.internal.Bundles - 	Entry: C:\Users\msouz\OneDrive\햞ea de Trabalho\SpringBoot\sts-4.18.1.RELEASE\plugins\org.eclipse.m2e.maven.runtime_3.8.701.20230209-1606\jars\maven-resolver-api-1.6.3.jar
2023-06-08 16:32:45,807 [Worker-4: Launching Executing clean in C__Users_msouz_git_JWT_jwtauthentication] INFO  o.eclipse.m2e.core.internal.Bundles - 	Entry: C:\Users\msouz\OneDrive\햞ea de Trabalho\SpringBoot\sts-4.18.1.RELEASE\plugins\org.eclipse.m2e.maven.runtime_3.8.701.20230209-1606\jars\maven-resolver-connector-basic-1.6.3.jar
2023-06-08 16:32:45,807 [Worker-4: Launching Executing clean in C__Users_msouz_git_JWT_jwtauthentication] INFO  o.eclipse.m2e.core.internal.Bundles - 	Entry: C:\Users\msouz\OneDrive\햞ea de Trabalho\SpringBoot\sts-4.18.1.RELEASE\plugins\org.eclipse.m2e.maven.runtime_3.8.701.20230209-1606\jars\maven-resolver-impl-1.6.3.jar
2023-06-08 16:32:45,807 [Worker-4: Launching Executing clean in C__Users_msouz_git_JWT_jwtauthentication] INFO  o.eclipse.m2e.core.internal.Bundles - 	Entry: C:\Users\msouz\OneDrive\햞ea de Trabalho\SpringBoot\sts-4.18.1.RELEASE\plugins\org.eclipse.m2e.maven.runtime_3.8.701.20230209-1606\jars\maven-resolver-provider-3.8.7.jar
2023-06-08 16:32:45,807 [Worker-4: Launching Executing clean in C__Users_msouz_git_JWT_jwtauthentication] INFO  o.eclipse.m2e.core.internal.Bundles - 	Entry: C:\Users\msouz\OneDrive\햞ea de Trabalho\SpringBoot\sts-4.18.1.RELEASE\plugins\org.eclipse.m2e.maven.runtime_3.8.701.20230209-1606\jars\maven-resolver-spi-1.6.3.jar
2023-06-08 16:32:45,808 [Worker-4: Launching Executing clean in C__Users_msouz_git_JWT_jwtauthentication] INFO  o.eclipse.m2e.core.internal.Bundles - 	Entry: C:\Users\msouz\OneDrive\햞ea de Trabalho\SpringBoot\sts-4.18.1.RELEASE\plugins\org.eclipse.m2e.maven.runtime_3.8.701.20230209-1606\jars\maven-resolver-transport-wagon-1.6.3.jar
2023-06-08 16:32:45,808 [Worker-4: Launching Executing clean in C__Users_msouz_git_JWT_jwtauthentication] INFO  o.eclipse.m2e.core.internal.Bundles - 	Entry: C:\Users\msouz\OneDrive\햞ea de Trabalho\SpringBoot\sts-4.18.1.RELEASE\plugins\org.eclipse.m2e.maven.runtime_3.8.701.20230209-1606\jars\maven-resolver-util-1.6.3.jar
2023-06-08 16:32:45,808 [Worker-4: Launching Executing clean in C__Users_msouz_git_JWT_jwtauthentication] INFO  o.eclipse.m2e.core.internal.Bundles - 	Entry: C:\Users\msouz\OneDrive\햞ea de Trabalho\SpringBoot\sts-4.18.1.RELEASE\plugins\org.eclipse.m2e.maven.runtime_3.8.701.20230209-1606\jars\maven-settings-3.8.7.jar
2023-06-08 16:32:45,808 [Worker-4: Launching Executing clean in C__Users_msouz_git_JWT_jwtauthentication] INFO  o.eclipse.m2e.core.internal.Bundles - 	Entry: C:\Users\msouz\OneDrive\햞ea de Trabalho\SpringBoot\sts-4.18.1.RELEASE\plugins\org.eclipse.m2e.maven.runtime_3.8.701.20230209-1606\jars\maven-settings-builder-3.8.7.jar
2023-06-08 16:32:45,808 [Worker-4: Launching Executing clean in C__Users_msouz_git_JWT_jwtauthentication] INFO  o.eclipse.m2e.core.internal.Bundles - 	Entry: C:\Users\msouz\OneDrive\햞ea de Trabalho\SpringBoot\sts-4.18.1.RELEASE\plugins\org.eclipse.m2e.maven.runtime_3.8.701.20230209-1606\jars\maven-shared-utils-3.3.4.jar
2023-06-08 16:32:45,808 [Worker-4: Launching Executing clean in C__Users_msouz_git_JWT_jwtauthentication] INFO  o.eclipse.m2e.core.internal.Bundles - 	Entry: C:\Users\msouz\OneDrive\햞ea de Trabalho\SpringBoot\sts-4.18.1.RELEASE\plugins\org.eclipse.m2e.maven.runtime_3.8.701.20230209-1606\jars\okhttp-3.14.1.jar
2023-06-08 16:32:45,808 [Worker-4: Launching Executing clean in C__Users_msouz_git_JWT_jwtauthentication] INFO  o.eclipse.m2e.core.internal.Bundles - 	Entry: C:\Users\msouz\OneDrive\햞ea de Trabalho\SpringBoot\sts-4.18.1.RELEASE\plugins\org.eclipse.m2e.maven.runtime_3.8.701.20230209-1606\jars\okio-1.17.3.jar
2023-06-08 16:32:45,808 [Worker-4: Launching Executing clean in C__Users_msouz_git_JWT_jwtauthentication] INFO  o.eclipse.m2e.core.internal.Bundles - 	Entry: C:\Users\msouz\OneDrive\햞ea de Trabalho\SpringBoot\sts-4.18.1.RELEASE\plugins\org.eclipse.m2e.maven.runtime_3.8.701.20230209-1606\jars\org.eclipse.sisu.inject-0.3.5.jar
2023-06-08 16:32:45,808 [Worker-4: Launching Executing clean in C__Users_msouz_git_JWT_jwtauthentication] INFO  o.eclipse.m2e.core.internal.Bundles - 	Entry: C:\Users\msouz\OneDrive\햞ea de Trabalho\SpringBoot\sts-4.18.1.RELEASE\plugins\org.eclipse.m2e.maven.runtime_3.8.701.20230209-1606\jars\org.eclipse.sisu.plexus-0.3.5.jar
2023-06-08 16:32:45,808 [Worker-4: Launching Executing clean in C__Users_msouz_git_JWT_jwtauthentication] INFO  o.eclipse.m2e.core.internal.Bundles - 	Entry: C:\Users\msouz\OneDrive\햞ea de Trabalho\SpringBoot\sts-4.18.1.RELEASE\plugins\org.eclipse.m2e.maven.runtime_3.8.701.20230209-1606\jars\plexus-build-api-0.0.7.jar
2023-06-08 16:32:45,809 [Worker-4: Launching Executing clean in C__Users_msouz_git_JWT_jwtauthentication] INFO  o.eclipse.m2e.core.internal.Bundles - 	Entry: C:\Users\msouz\OneDrive\햞ea de Trabalho\SpringBoot\sts-4.18.1.RELEASE\plugins\org.eclipse.m2e.maven.runtime_3.8.701.20230209-1606\jars\plexus-cipher-2.0.jar
2023-06-08 16:32:45,809 [Worker-4: Launching Executing clean in C__Users_msouz_git_JWT_jwtauthentication] INFO  o.eclipse.m2e.core.internal.Bundles - 	Entry: C:\Users\msouz\OneDrive\햞ea de Trabalho\SpringBoot\sts-4.18.1.RELEASE\plugins\org.eclipse.m2e.maven.runtime_3.8.701.20230209-1606\jars\plexus-classworlds-2.6.0.jar
2023-06-08 16:32:45,809 [Worker-4: Launching Executing clean in C__Users_msouz_git_JWT_jwtauthentication] INFO  o.eclipse.m2e.core.internal.Bundles - 	Entry: C:\Users\msouz\OneDrive\햞ea de Trabalho\SpringBoot\sts-4.18.1.RELEASE\plugins\org.eclipse.m2e.maven.runtime_3.8.701.20230209-1606\jars\plexus-component-annotations-2.1.0.jar
2023-06-08 16:32:45,809 [Worker-4: Launching Executing clean in C__Users_msouz_git_JWT_jwtauthentication] INFO  o.eclipse.m2e.core.internal.Bundles - 	Entry: C:\Users\msouz\OneDrive\햞ea de Trabalho\SpringBoot\sts-4.18.1.RELEASE\plugins\org.eclipse.m2e.maven.runtime_3.8.701.20230209-1606\jars\plexus-interpolation-1.26.jar
2023-06-08 16:32:45,809 [Worker-4: Launching Executing clean in C__Users_msouz_git_JWT_jwtauthentication] INFO  o.eclipse.m2e.core.internal.Bundles - 	Entry: C:\Users\msouz\OneDrive\햞ea de Trabalho\SpringBoot\sts-4.18.1.RELEASE\plugins\org.eclipse.m2e.maven.runtime_3.8.701.20230209-1606\jars\plexus-sec-dispatcher-2.0.jar
2023-06-08 16:32:45,809 [Worker-4: Launching Executing clean in C__Users_msouz_git_JWT_jwtauthentication] INFO  o.eclipse.m2e.core.internal.Bundles - 	Entry: C:\Users\msouz\OneDrive\햞ea de Trabalho\SpringBoot\sts-4.18.1.RELEASE\plugins\org.eclipse.m2e.maven.runtime_3.8.701.20230209-1606\jars\plexus-utils-3.3.1.jar
2023-06-08 16:32:45,809 [Worker-4: Launching Executing clean in C__Users_msouz_git_JWT_jwtauthentication] INFO  o.eclipse.m2e.core.internal.Bundles - 	Entry: C:\Users\msouz\OneDrive\햞ea de Trabalho\SpringBoot\sts-4.18.1.RELEASE\plugins\org.eclipse.m2e.maven.runtime_3.8.701.20230209-1606\jars\wagon-file-3.5.3.jar
2023-06-08 16:32:45,809 [Worker-4: Launching Executing clean in C__Users_msouz_git_JWT_jwtauthentication] INFO  o.eclipse.m2e.core.internal.Bundles - 	Entry: C:\Users\msouz\OneDrive\햞ea de Trabalho\SpringBoot\sts-4.18.1.RELEASE\plugins\org.eclipse.m2e.maven.runtime_3.8.701.20230209-1606\jars\wagon-provider-api-3.5.3.jar
2023-06-08 16:32:45,810 [Worker-4: Launching Executing clean in C__Users_msouz_git_JWT_jwtauthentication] INFO  o.eclipse.m2e.core.internal.Bundles - getClasspathEntries(Bundle=com.google.guava_31.1.0.jre [23])
2023-06-08 16:32:45,812 [Worker-4: Launching Executing clean in C__Users_msouz_git_JWT_jwtauthentication] INFO  o.eclipse.m2e.core.internal.Bundles - 	Entry: C:\Users\msouz\OneDrive\햞ea de Trabalho\SpringBoot\sts-4.18.1.RELEASE\plugins\com.google.guava_31.1.0.jre.jar
2023-06-08 16:32:45,812 [Worker-4: Launching Executing clean in C__Users_msouz_git_JWT_jwtauthentication] INFO  o.eclipse.m2e.core.internal.Bundles - getClasspathEntries(Bundle=slf4j.api_1.7.36 [580])
2023-06-08 16:32:45,812 [Worker-4: Launching Executing clean in C__Users_msouz_git_JWT_jwtauthentication] INFO  o.eclipse.m2e.core.internal.Bundles - 	Entry: C:\Users\msouz\OneDrive\햞ea de Trabalho\SpringBoot\sts-4.18.1.RELEASE\plugins\slf4j.api_1.7.36.jar
2023-06-08 16:32:45,812 [Worker-4: Launching Executing clean in C__Users_msouz_git_JWT_jwtauthentication] INFO  o.eclipse.m2e.core.internal.Bundles - getClasspathEntries(Bundle=javax.inject_1.0.0.v20220405-0441 [50])
2023-06-08 16:32:45,813 [Worker-4: Launching Executing clean in C__Users_msouz_git_JWT_jwtauthentication] INFO  o.eclipse.m2e.core.internal.Bundles - 	Entry: C:\Users\msouz\OneDrive\햞ea de Trabalho\SpringBoot\sts-4.18.1.RELEASE\plugins\javax.inject_1.0.0.v20220405-0441.jar
2023-06-08 16:32:45,813 [Worker-4: Launching Executing clean in C__Users_msouz_git_JWT_jwtauthentication] INFO  o.eclipse.m2e.core.internal.Bundles - getClasspathEntries(Bundle=javax.annotation_1.3.5.v20221203-1659 [48])
2023-06-08 16:32:45,814 [Worker-4: Launching Executing clean in C__Users_msouz_git_JWT_jwtauthentication] INFO  o.eclipse.m2e.core.internal.Bundles - 	Entry: C:\Users\msouz\OneDrive\햞ea de Trabalho\SpringBoot\sts-4.18.1.RELEASE\plugins\javax.annotation_1.3.5.v20221203-1659.jar
2023-06-08 16:32:45,814 [Worker-4: Launching Executing clean in C__Users_msouz_git_JWT_jwtauthentication] INFO  o.eclipse.m2e.core.internal.Bundles - getClasspathEntries(Bundle=org.apache.commons.cli_1.4.0.v20221112-0806 [73])
2023-06-08 16:32:45,814 [Worker-4: Launching Executing clean in C__Users_msouz_git_JWT_jwtauthentication] INFO  o.eclipse.m2e.core.internal.Bundles - 	Entry: C:\Users\msouz\OneDrive\햞ea de Trabalho\SpringBoot\sts-4.18.1.RELEASE\plugins\org.apache.commons.cli_1.4.0.v20221112-0806.jar
2023-06-08 16:32:45,814 [Worker-4: Launching Executing clean in C__Users_msouz_git_JWT_jwtauthentication] INFO  o.eclipse.m2e.core.internal.Bundles - getClasspathEntries(Bundle=com.google.guava.failureaccess_1.0.1 [25])
2023-06-08 16:32:45,815 [Worker-4: Launching Executing clean in C__Users_msouz_git_JWT_jwtauthentication] INFO  o.eclipse.m2e.core.internal.Bundles - 	Entry: C:\Users\msouz\OneDrive\햞ea de Trabalho\SpringBoot\sts-4.18.1.RELEASE\plugins\com.google.guava.failureaccess_1.0.1.jar
2023-06-08 16:32:45,817 [Worker-4: Launching Executing clean in C__Users_msouz_git_JWT_jwtauthentication] INFO  o.e.m.i.launch.MavenLaunchDelegate - Run build in "C:\Users\msouz\git\JWT\jwtauthentication":
2023-06-08 16:32:45,817 [Worker-4: Launching Executing clean in C__Users_msouz_git_JWT_jwtauthentication] INFO  o.e.m.i.launch.MavenLaunchDelegate -  mvn  -Ppom.xml -B -Dstyle.color=always clean
2023-06-08 16:32:45,818 [Worker-4: Launching Executing clean in C__Users_msouz_git_JWT_jwtauthentication] WARN  o.e.m.i.l.MavenLaunchExtensionsSupport - Unknown or unsupported source locator org.eclipse.jdt.internal.launching.sourcelookup.advanced.AdvancedSourceLookupDirector
2023-06-08 16:32:48,131 [Worker-12: Building] INFO  o.a.m.s.f.DefaultMavenResourcesFiltering - Copying 1 resource from src\main\resources to target\classes
2023-06-08 16:32:48,145 [Worker-12: Building] INFO  o.a.m.s.f.DefaultMavenResourcesFiltering - Copying 0 resource from src\main\resources to target\classes
2023-06-08 16:32:48,147 [Worker-12: Building] INFO  o.a.m.s.f.DefaultMavenResourcesFiltering - skip non existing resourceDirectory C:\Users\msouz\git\JWT\jwtauthentication\src\test\resources
2023-06-08 16:33:48,634 [Worker-9: Launching jwtauthentication - JwtauthenticationApplication] INFO  o.a.m.s.f.DefaultMavenResourcesFiltering - Copying 1 resource from src\main\resources to target\classes
2023-06-08 16:33:48,649 [Worker-9: Launching jwtauthentication - JwtauthenticationApplication] INFO  o.a.m.s.f.DefaultMavenResourcesFiltering - Copying 0 resource from src\main\resources to target\classes
2023-06-08 16:33:48,653 [Worker-9: Launching jwtauthentication - JwtauthenticationApplication] INFO  o.a.m.s.f.DefaultMavenResourcesFiltering - skip non existing resourceDirectory C:\Users\msouz\git\JWT\jwtauthentication\src\test\resources
2023-06-08 16:37:14,753 [Worker-10: Building] INFO  o.a.m.s.f.DefaultMavenResourcesFiltering - Copying 1 resource from src\main\resources to target\classes
2023-06-08 16:37:14,759 [Worker-10: Building] INFO  o.a.m.s.f.DefaultMavenResourcesFiltering - Copying 0 resource from src\main\resources to target\classes
2023-06-08 16:37:14,761 [Worker-10: Building] INFO  o.a.m.s.f.DefaultMavenResourcesFiltering - skip non existing resourceDirectory C:\Users\msouz\git\JWT\jwtauthentication\src\test\resources
2023-06-08 17:11:20,418 [Worker-9: Launching jwtauthentication - JwtauthenticationApplication] INFO  o.a.m.s.f.DefaultMavenResourcesFiltering - Copying 1 resource from src\main\resources to target\classes
2023-06-08 17:11:20,426 [Worker-9: Launching jwtauthentication - JwtauthenticationApplication] INFO  o.a.m.s.f.DefaultMavenResourcesFiltering - Copying 0 resource from src\main\resources to target\classes
2023-06-08 17:11:20,430 [Worker-9: Launching jwtauthentication - JwtauthenticationApplication] INFO  o.a.m.s.f.DefaultMavenResourcesFiltering - skip non existing resourceDirectory C:\Users\msouz\git\JWT\jwtauthentication\src\test\resources
2023-06-08 17:14:14,674 [Worker-23: Building] INFO  o.a.m.s.f.DefaultMavenResourcesFiltering - Copying 1 resource from src\main\resources to target\classes
2023-06-08 17:14:14,679 [Worker-23: Building] INFO  o.a.m.s.f.DefaultMavenResourcesFiltering - Copying 0 resource from src\main\resources to target\classes
2023-06-08 17:14:14,681 [Worker-23: Building] INFO  o.a.m.s.f.DefaultMavenResourcesFiltering - skip non existing resourceDirectory C:\Users\msouz\git\JWT\jwtauthentication\src\test\resources
2023-06-08 17:15:53,126 [Worker-17: Building] INFO  o.a.m.s.f.DefaultMavenResourcesFiltering - Copying 1 resource from src\main\resources to target\classes
2023-06-08 17:15:53,132 [Worker-17: Building] INFO  o.a.m.s.f.DefaultMavenResourcesFiltering - Copying 0 resource from src\main\resources to target\classes
2023-06-08 17:15:53,134 [Worker-17: Building] INFO  o.a.m.s.f.DefaultMavenResourcesFiltering - skip non existing resourceDirectory C:\Users\msouz\git\JWT\jwtauthentication\src\test\resources
2023-06-08 17:17:34,041 [Worker-9: Building] INFO  o.a.m.s.f.DefaultMavenResourcesFiltering - Copying 1 resource from src\main\resources to target\classes
2023-06-08 17:17:34,047 [Worker-9: Building] INFO  o.a.m.s.f.DefaultMavenResourcesFiltering - Copying 0 resource from src\main\resources to target\classes
2023-06-08 17:17:34,050 [Worker-9: Building] INFO  o.a.m.s.f.DefaultMavenResourcesFiltering - skip non existing resourceDirectory C:\Users\msouz\git\JWT\jwtauthentication\src\test\resources
2023-06-08 17:23:05,274 [Worker-33: Building] INFO  o.a.m.s.f.DefaultMavenResourcesFiltering - Copying 1 resource from src\main\resources to target\classes
2023-06-08 17:23:05,283 [Worker-33: Building] INFO  o.a.m.s.f.DefaultMavenResourcesFiltering - Copying 0 resource from src\main\resources to target\classes
2023-06-08 17:23:05,286 [Worker-33: Building] INFO  o.a.m.s.f.DefaultMavenResourcesFiltering - skip non existing resourceDirectory C:\Users\msouz\git\JWT\jwtauthentication\src\test\resources
2023-06-08 17:25:30,197 [Worker-33: Launching jwtauthentication - JwtauthenticationApplication] INFO  o.a.m.s.f.DefaultMavenResourcesFiltering - Copying 1 resource from src\main\resources to target\classes
2023-06-08 17:25:30,202 [Worker-33: Launching jwtauthentication - JwtauthenticationApplication] INFO  o.a.m.s.f.DefaultMavenResourcesFiltering - Copying 0 resource from src\main\resources to target\classes
2023-06-08 17:25:30,205 [Worker-33: Launching jwtauthentication - JwtauthenticationApplication] INFO  o.a.m.s.f.DefaultMavenResourcesFiltering - skip non existing resourceDirectory C:\Users\msouz\git\JWT\jwtauthentication\src\test\resources
2023-06-08 17:26:43,522 [Worker-34: Launching jwtauthentication - JwtauthenticationApplication] INFO  o.a.m.s.f.DefaultMavenResourcesFiltering - Copying 1 resource from src\main\resources to target\classes
2023-06-08 17:26:43,528 [Worker-34: Launching jwtauthentication - JwtauthenticationApplication] INFO  o.a.m.s.f.DefaultMavenResourcesFiltering - Copying 0 resource from src\main\resources to target\classes
2023-06-08 17:26:43,530 [Worker-34: Launching jwtauthentication - JwtauthenticationApplication] INFO  o.a.m.s.f.DefaultMavenResourcesFiltering - skip non existing resourceDirectory C:\Users\msouz\git\JWT\jwtauthentication\src\test\resources
2023-06-08 17:29:08,165 [Worker-22: Launching jwtauthentication - JwtauthenticationApplication] INFO  o.a.m.s.f.DefaultMavenResourcesFiltering - Copying 1 resource from src\main\resources to target\classes
2023-06-08 17:29:08,178 [Worker-22: Launching jwtauthentication - JwtauthenticationApplication] INFO  o.a.m.s.f.DefaultMavenResourcesFiltering - Copying 0 resource from src\main\resources to target\classes
2023-06-08 17:29:08,182 [Worker-22: Launching jwtauthentication - JwtauthenticationApplication] INFO  o.a.m.s.f.DefaultMavenResourcesFiltering - skip non existing resourceDirectory C:\Users\msouz\git\JWT\jwtauthentication\src\test\resources
2023-06-08 17:35:25,022 [Worker-39: Launching jwtauthentication - JwtauthenticationApplication] INFO  o.a.m.s.f.DefaultMavenResourcesFiltering - Copying 1 resource from src\main\resources to target\classes
2023-06-08 17:35:25,028 [Worker-39: Launching jwtauthentication - JwtauthenticationApplication] INFO  o.a.m.s.f.DefaultMavenResourcesFiltering - Copying 0 resource from src\main\resources to target\classes
2023-06-08 17:35:25,031 [Worker-39: Launching jwtauthentication - JwtauthenticationApplication] INFO  o.a.m.s.f.DefaultMavenResourcesFiltering - skip non existing resourceDirectory C:\Users\msouz\git\JWT\jwtauthentication\src\test\resources
2023-06-08 17:37:17,275 [Worker-39: Building] INFO  o.a.m.s.f.DefaultMavenResourcesFiltering - Copying 1 resource from src\main\resources to target\classes
2023-06-08 17:37:17,282 [Worker-39: Building] INFO  o.a.m.s.f.DefaultMavenResourcesFiltering - Copying 0 resource from src\main\resources to target\classes
2023-06-08 17:37:17,284 [Worker-39: Building] INFO  o.a.m.s.f.DefaultMavenResourcesFiltering - skip non existing resourceDirectory C:\Users\msouz\git\JWT\jwtauthentication\src\test\resources
2023-06-09 12:21:05,614 [Worker-6: Loading available Gradle versions] INFO  o.e.b.c.i.u.g.PublishedGradleVersions - Gradle version information cache is up-to-date. Trying to read.
2023-06-09 12:23:34,108 [Worker-7: Launching jwtauthentication - JwtauthenticationApplication] INFO  o.a.m.s.f.DefaultMavenResourcesFiltering - Copying 1 resource from src\main\resources to target\classes
2023-06-09 12:23:34,131 [Worker-7: Launching jwtauthentication - JwtauthenticationApplication] INFO  o.a.m.s.f.DefaultMavenResourcesFiltering - Copying 0 resource from src\main\resources to target\classes
2023-06-09 12:23:34,136 [Worker-7: Launching jwtauthentication - JwtauthenticationApplication] INFO  o.a.m.s.f.DefaultMavenResourcesFiltering - skip non existing resourceDirectory C:\Users\msouz\git\JWT\jwtauthentication\src\test\resources
2023-06-09 12:24:46,151 [Worker-1: Launching jwtauthentication - JwtauthenticationApplication] INFO  o.a.m.s.f.DefaultMavenResourcesFiltering - Copying 1 resource from src\main\resources to target\classes
2023-06-09 12:24:46,173 [Worker-1: Launching jwtauthentication - JwtauthenticationApplication] INFO  o.a.m.s.f.DefaultMavenResourcesFiltering - Copying 0 resource from src\main\resources to target\classes
2023-06-09 12:24:46,178 [Worker-1: Launching jwtauthentication - JwtauthenticationApplication] INFO  o.a.m.s.f.DefaultMavenResourcesFiltering - skip non existing resourceDirectory C:\Users\msouz\git\JWT\jwtauthentication\src\test\resources
2023-06-09 12:28:42,137 [Worker-16: Launching jwtauthentication - JwtauthenticationApplication] INFO  o.a.m.s.f.DefaultMavenResourcesFiltering - Copying 1 resource from src\main\resources to target\classes
2023-06-09 12:28:42,153 [Worker-16: Launching jwtauthentication - JwtauthenticationApplication] INFO  o.a.m.s.f.DefaultMavenResourcesFiltering - Copying 0 resource from src\main\resources to target\classes
2023-06-09 12:28:42,156 [Worker-16: Launching jwtauthentication - JwtauthenticationApplication] INFO  o.a.m.s.f.DefaultMavenResourcesFiltering - skip non existing resourceDirectory C:\Users\msouz\git\JWT\jwtauthentication\src\test\resources
2023-06-09 12:33:28,594 [Worker-23: Launching jwtauthentication - JwtauthenticationApplication] INFO  o.a.m.s.f.DefaultMavenResourcesFiltering - Copying 1 resource from src\main\resources to target\classes
2023-06-09 12:33:28,610 [Worker-23: Launching jwtauthentication - JwtauthenticationApplication] INFO  o.a.m.s.f.DefaultMavenResourcesFiltering - Copying 0 resource from src\main\resources to target\classes
2023-06-09 12:33:28,614 [Worker-23: Launching jwtauthentication - JwtauthenticationApplication] INFO  o.a.m.s.f.DefaultMavenResourcesFiltering - skip non existing resourceDirectory C:\Users\msouz\git\JWT\jwtauthentication\src\test\resources
2023-06-09 12:36:34,643 [Worker-27: Launching jwtauthentication - JwtauthenticationApplication] INFO  o.a.m.s.f.DefaultMavenResourcesFiltering - Copying 1 resource from src\main\resources to target\classes
2023-06-09 12:36:34,649 [Worker-27: Launching jwtauthentication - JwtauthenticationApplication] INFO  o.a.m.s.f.DefaultMavenResourcesFiltering - Copying 0 resource from src\main\resources to target\classes
2023-06-09 12:36:34,651 [Worker-27: Launching jwtauthentication - JwtauthenticationApplication] INFO  o.a.m.s.f.DefaultMavenResourcesFiltering - skip non existing resourceDirectory C:\Users\msouz\git\JWT\jwtauthentication\src\test\resources
2023-06-09 12:36:52,663 [Worker-25: Launching jwtauthentication - JwtauthenticationApplication] INFO  o.a.m.s.f.DefaultMavenResourcesFiltering - Copying 1 resource from src\main\resources to target\classes
2023-06-09 12:36:52,678 [Worker-25: Launching jwtauthentication - JwtauthenticationApplication] INFO  o.a.m.s.f.DefaultMavenResourcesFiltering - Copying 0 resource from src\main\resources to target\classes
2023-06-09 12:36:52,681 [Worker-25: Launching jwtauthentication - JwtauthenticationApplication] INFO  o.a.m.s.f.DefaultMavenResourcesFiltering - skip non existing resourceDirectory C:\Users\msouz\git\JWT\jwtauthentication\src\test\resources
2023-06-09 12:44:05,517 [Worker-28: Launching jwtauthentication - JwtauthenticationApplication] INFO  o.a.m.s.f.DefaultMavenResourcesFiltering - Copying 1 resource from src\main\resources to target\classes
2023-06-09 12:44:05,523 [Worker-28: Launching jwtauthentication - JwtauthenticationApplication] INFO  o.a.m.s.f.DefaultMavenResourcesFiltering - Copying 0 resource from src\main\resources to target\classes
2023-06-09 12:44:05,525 [Worker-28: Launching jwtauthentication - JwtauthenticationApplication] INFO  o.a.m.s.f.DefaultMavenResourcesFiltering - skip non existing resourceDirectory C:\Users\msouz\git\JWT\jwtauthentication\src\test\resources
2023-06-09 12:44:29,069 [Worker-32: Launching jwtauthentication - JwtauthenticationApplication] INFO  o.a.m.s.f.DefaultMavenResourcesFiltering - Copying 1 resource from src\main\resources to target\classes
2023-06-09 12:44:29,085 [Worker-32: Launching jwtauthentication - JwtauthenticationApplication] INFO  o.a.m.s.f.DefaultMavenResourcesFiltering - Copying 0 resource from src\main\resources to target\classes
2023-06-09 12:44:29,089 [Worker-32: Launching jwtauthentication - JwtauthenticationApplication] INFO  o.a.m.s.f.DefaultMavenResourcesFiltering - skip non existing resourceDirectory C:\Users\msouz\git\JWT\jwtauthentication\src\test\resources
2023-06-09 12:45:54,932 [Worker-28: Launching jwtauthentication - JwtauthenticationApplication] INFO  o.a.m.s.f.DefaultMavenResourcesFiltering - Copying 1 resource from src\main\resources to target\classes
2023-06-09 12:45:54,938 [Worker-28: Launching jwtauthentication - JwtauthenticationApplication] INFO  o.a.m.s.f.DefaultMavenResourcesFiltering - Copying 0 resource from src\main\resources to target\classes
2023-06-09 12:45:54,940 [Worker-28: Launching jwtauthentication - JwtauthenticationApplication] INFO  o.a.m.s.f.DefaultMavenResourcesFiltering - skip non existing resourceDirectory C:\Users\msouz\git\JWT\jwtauthentication\src\test\resources
2023-06-09 12:48:50,086 [Worker-33: Launching jwtauthentication - JwtauthenticationApplication] INFO  o.a.m.s.f.DefaultMavenResourcesFiltering - Copying 1 resource from src\main\resources to target\classes
2023-06-09 12:48:50,092 [Worker-33: Launching jwtauthentication - JwtauthenticationApplication] INFO  o.a.m.s.f.DefaultMavenResourcesFiltering - Copying 0 resource from src\main\resources to target\classes
2023-06-09 12:48:50,094 [Worker-33: Launching jwtauthentication - JwtauthenticationApplication] INFO  o.a.m.s.f.DefaultMavenResourcesFiltering - skip non existing resourceDirectory C:\Users\msouz\git\JWT\jwtauthentication\src\test\resources
2023-06-09 12:55:13,930 [Worker-43: Launching jwtauthentication - JwtauthenticationApplication] INFO  o.a.m.s.f.DefaultMavenResourcesFiltering - Copying 1 resource from src\main\resources to target\classes
2023-06-09 12:55:13,943 [Worker-43: Launching jwtauthentication - JwtauthenticationApplication] INFO  o.a.m.s.f.DefaultMavenResourcesFiltering - Copying 0 resource from src\main\resources to target\classes
2023-06-09 12:55:13,945 [Worker-43: Launching jwtauthentication - JwtauthenticationApplication] INFO  o.a.m.s.f.DefaultMavenResourcesFiltering - skip non existing resourceDirectory C:\Users\msouz\git\JWT\jwtauthentication\src\test\resources
2023-06-09 13:03:31,788 [Worker-50: Launching jwtauthentication - JwtauthenticationApplication] INFO  o.a.m.s.f.DefaultMavenResourcesFiltering - Copying 1 resource from src\main\resources to target\classes
2023-06-09 13:03:31,805 [Worker-50: Launching jwtauthentication - JwtauthenticationApplication] INFO  o.a.m.s.f.DefaultMavenResourcesFiltering - Copying 0 resource from src\main\resources to target\classes
2023-06-09 13:03:31,808 [Worker-50: Launching jwtauthentication - JwtauthenticationApplication] INFO  o.a.m.s.f.DefaultMavenResourcesFiltering - skip non existing resourceDirectory C:\Users\msouz\git\JWT\jwtauthentication\src\test\resources
2023-06-09 13:04:54,697 [Worker-44: Launching jwtauthentication - JwtauthenticationApplication] INFO  o.a.m.s.f.DefaultMavenResourcesFiltering - Copying 1 resource from src\main\resources to target\classes
2023-06-09 13:04:54,709 [Worker-44: Launching jwtauthentication - JwtauthenticationApplication] INFO  o.a.m.s.f.DefaultMavenResourcesFiltering - Copying 0 resource from src\main\resources to target\classes
2023-06-09 13:04:54,713 [Worker-44: Launching jwtauthentication - JwtauthenticationApplication] INFO  o.a.m.s.f.DefaultMavenResourcesFiltering - skip non existing resourceDirectory C:\Users\msouz\git\JWT\jwtauthentication\src\test\resources
2023-06-09 13:12:27,588 [Worker-51: Launching jwtauthentication - JwtauthenticationApplication] INFO  o.a.m.s.f.DefaultMavenResourcesFiltering - Copying 1 resource from src\main\resources to target\classes
2023-06-09 13:12:27,600 [Worker-51: Launching jwtauthentication - JwtauthenticationApplication] INFO  o.a.m.s.f.DefaultMavenResourcesFiltering - Copying 0 resource from src\main\resources to target\classes
2023-06-09 13:12:27,603 [Worker-51: Launching jwtauthentication - JwtauthenticationApplication] INFO  o.a.m.s.f.DefaultMavenResourcesFiltering - skip non existing resourceDirectory C:\Users\msouz\git\JWT\jwtauthentication\src\test\resources
2023-06-09 13:12:50,992 [Worker-52: Launching jwtauthentication - JwtauthenticationApplication] INFO  o.a.m.s.f.DefaultMavenResourcesFiltering - Copying 1 resource from src\main\resources to target\classes
2023-06-09 13:12:51,003 [Worker-52: Launching jwtauthentication - JwtauthenticationApplication] INFO  o.a.m.s.f.DefaultMavenResourcesFiltering - Copying 0 resource from src\main\resources to target\classes
2023-06-09 13:12:51,007 [Worker-52: Launching jwtauthentication - JwtauthenticationApplication] INFO  o.a.m.s.f.DefaultMavenResourcesFiltering - skip non existing resourceDirectory C:\Users\msouz\git\JWT\jwtauthentication\src\test\resources
2023-06-09 14:39:38,430 [Worker-58: Launching jwtauthentication - JwtauthenticationApplication] INFO  o.a.m.s.f.DefaultMavenResourcesFiltering - Copying 1 resource from src\main\resources to target\classes
2023-06-09 14:39:38,445 [Worker-58: Launching jwtauthentication - JwtauthenticationApplication] INFO  o.a.m.s.f.DefaultMavenResourcesFiltering - Copying 0 resource from src\main\resources to target\classes
2023-06-09 14:39:38,449 [Worker-58: Launching jwtauthentication - JwtauthenticationApplication] INFO  o.a.m.s.f.DefaultMavenResourcesFiltering - skip non existing resourceDirectory C:\Users\msouz\git\JWT\jwtauthentication\src\test\resources
2023-06-09 14:41:41,377 [Worker-57: Launching jwtauthentication - JwtauthenticationApplication] INFO  o.a.m.s.f.DefaultMavenResourcesFiltering - Copying 1 resource from src\main\resources to target\classes
2023-06-09 14:41:41,385 [Worker-57: Launching jwtauthentication - JwtauthenticationApplication] INFO  o.a.m.s.f.DefaultMavenResourcesFiltering - Copying 0 resource from src\main\resources to target\classes
2023-06-09 14:41:41,386 [Worker-57: Launching jwtauthentication - JwtauthenticationApplication] INFO  o.a.m.s.f.DefaultMavenResourcesFiltering - skip non existing resourceDirectory C:\Users\msouz\git\JWT\jwtauthentication\src\test\resources
2023-06-09 14:42:34,944 [Worker-58: Launching jwtauthentication - JwtauthenticationApplication] INFO  o.a.m.s.f.DefaultMavenResourcesFiltering - Copying 1 resource from src\main\resources to target\classes
2023-06-09 14:42:34,952 [Worker-58: Launching jwtauthentication - JwtauthenticationApplication] INFO  o.a.m.s.f.DefaultMavenResourcesFiltering - Copying 0 resource from src\main\resources to target\classes
2023-06-09 14:42:34,955 [Worker-58: Launching jwtauthentication - JwtauthenticationApplication] INFO  o.a.m.s.f.DefaultMavenResourcesFiltering - skip non existing resourceDirectory C:\Users\msouz\git\JWT\jwtauthentication\src\test\resources
2023-06-09 14:46:17,011 [Worker-61: Building] INFO  o.a.m.s.f.DefaultMavenResourcesFiltering - Copying 1 resource from src\main\resources to target\classes
2023-06-09 14:46:17,015 [Worker-61: Building] INFO  o.a.m.s.f.DefaultMavenResourcesFiltering - Copying 0 resource from src\main\resources to target\classes
2023-06-09 14:46:17,017 [Worker-61: Building] INFO  o.a.m.s.f.DefaultMavenResourcesFiltering - skip non existing resourceDirectory C:\Users\msouz\git\JWT\jwtauthentication\src\test\resources
2023-06-10 14:33:20,484 [Worker-6: Loading available Gradle versions] INFO  o.e.b.c.i.u.g.PublishedGradleVersions - Gradle version information cache is out-of-date. Trying to update.
2023-06-10 14:38:51,437 [Worker-2: Loading available Gradle versions] INFO  o.e.b.c.i.u.g.PublishedGradleVersions - Gradle version information cache is up-to-date. Trying to read.
2023-06-10 16:12:52,338 [Worker-7: Loading available Gradle versions] INFO  o.e.b.c.i.u.g.PublishedGradleVersions - Gradle version information cache is up-to-date. Trying to read.
